[INFO] Scanning for projects...
[INFO] 
[INFO] ---------------------< com.example.tech:tech_info >---------------------
[INFO] Building tech_info 1.0-SNAPSHOT
[INFO]   from pom.xml
[INFO] --------------------------------[ jar ]---------------------------------
[WARNING] 6 problems were encountered while building the effective model for org.openjfx:javafx-controls:jar:17.0.6 during dependency collection step for project (use -X to see details)
[INFO] 
[INFO] --- clean:3.2.0:clean (default-clean) @ tech_info ---
[INFO] Deleting C:\Users\abkha\OneDrive\desktop\tech_info\target
[INFO] 
[INFO] --- resources:3.3.1:resources (default-resources) @ tech_info ---
[INFO] Copying 8 resources from src\main\resources to target\classes
[INFO] 
[INFO] --- compiler:3.13.0:compile (default-compile) @ tech_info ---
[INFO] Recompiling the module because of changed source code.
[INFO] Compiling 13 source files with javac [debug target 17] to target\classes
[INFO] 
[INFO] --- resources:3.3.1:testResources (default-testResources) @ tech_info ---
[INFO] skip non existing resourceDirectory C:\Users\abkha\OneDrive\desktop\tech_info\src\test\resources
[INFO] 
[INFO] --- compiler:3.13.0:testCompile (default-testCompile) @ tech_info ---
[INFO] No sources to compile
[INFO] 
[INFO] --- surefire:3.2.5:test (default-test) @ tech_info ---
[INFO] No tests to run.
[INFO] 
[INFO] --- jar:3.2.0:jar (default-jar) @ tech_info ---
[INFO] Building jar: C:\Users\abkha\OneDrive\desktop\tech_info\target\tech_info-1.0-SNAPSHOT.jar
[INFO] ------------------------------------------------------------------------
[INFO] BUILD SUCCESS
[INFO] ------------------------------------------------------------------------
[INFO] Total time:  2.985 s
[INFO] Finished at: 2024-09-29T10:42:25+05:30
[INFO] ------------------------------------------------------------------------
